<?xml version="1.0" encoding="UTF-8"?>
<!-- Generated by org.testng.reporters.JUnitXMLReporter -->
<testsuite ignored="0" hostname="DESKTOP-P8D32N0" failures="1" tests="3" name="Error Validations Test" time="25.952" errors="0" timestamp="2025-07-07T16:28:06 IST">
  <testcase classname="ecommercewebsite.ErrorValidations" name="loginErrorValidation" time="1.137">
    <skipped/>
  </testcase> <!-- loginErrorValidation -->
  <testcase classname="ecommercewebsite.ErrorValidations" name="loginErrorValidation" time="1.016">
    <failure type="java.lang.AssertionError" message="expected [Incorrect email or password.] but found [Incorrrect email or password.]">
      <![CDATA[java.lang.AssertionError: expected [Incorrect email or password.] but found [Incorrrect email or password.]
at ecommercewebsite.ErrorValidations.loginErrorValidation(ErrorValidations.java:22)
at java.base/java.util.ArrayList.forEach(ArrayList.java:1596)
at java.base/java.util.concurrent.FutureTask.run(FutureTask.java:317)
at java.base/java.util.concurrent.ThreadPoolExecutor.runWorker(ThreadPoolExecutor.java:1144)
at java.base/java.util.concurrent.ThreadPoolExecutor$Worker.run(ThreadPoolExecutor.java:642)
at java.base/java.lang.Thread.run(Thread.java:1583)
... Removed 21 stack frames]]>
    </failure>
  </testcase> <!-- loginErrorValidation -->
  <testcase classname="ecommercewebsite.ErrorValidations" name="productErrorValidation" time="7.281"/>
</testsuite> <!-- Error Validations Test -->
