<?xml version="1.0" encoding="UTF-8"?>
<testsuite xmlns:xsi="http://www.w3.org/2001/XMLSchema-instance" xsi:noNamespaceSchemaLocation="https://maven.apache.org/surefire/maven-surefire-plugin/xsd/surefire-test-report-3.0.xsd" version="3.0" name="TestSuite" time="12.959" tests="1" errors="0" skipped="0" failures="0">
  <properties>
[...]
</properties>
  <testcase name="runScenario[&quot;Positive Test of Submitting the order&quot;, &quot;Purchase the order from E-commerce website&quot;](1)" classname="cucumber.testNGTestRunner" time="11.649">
    <system-out><![CDATA[
Scenario Outline: Positive Test of Submitting the order                                   # src/test/java/cucumber/SubmitOrderTest.feature:17
Navigated to the home page
  Given I am on the home page                                                             # rahulshettyacademy.stepDefinition.stepDefinitionImplementation.i_am_on_the_home_page()
  Given Logged in with username rahulshettyacademy@outlook.com and password RahulShetty#3 # rahulshettyacademy.stepDefinition.stepDefinitionImplementation.logged_in_with_username_and_password(java.lang.String,java.lang.String)
ZARA COAT 3
$ 31500
View
Add To Cart
  When I add a product ZARA COAT 3 to the cart                                            # rahulshettyacademy.stepDefinition.stepDefinitionImplementation.i_add_a_product_to_the_cart(java.lang.String)
British Indian Ocean Territory
India
  And I proceed to checkout ZARA COAT 3 and submit the order                              # rahulshettyacademy.stepDefinition.stepDefinitionImplementation.i_proceed_to_checkout_and_submit_the_order(java.lang.String)
  Then "THANKYOU FOR THE ORDER." message is displayed on ConfirmationPage                 # rahulshettyacademy.stepDefinition.stepDefinitionImplementation.message_is_displayed_on_ConfirmationPage(java.lang.String)
]]></system-out>
    <system-err><![CDATA[SLF4J: Failed to load class "org.slf4j.impl.StaticLoggerBinder".
SLF4J: Defaulting to no-operation (NOP) logger implementation
SLF4J: See http://www.slf4j.org/codes.html#StaticLoggerBinder for further details.
Jul 06, 2025 5:06:30 PM org.openqa.selenium.devtools.CdpVersionFinder findNearestMatch
WARNING: Unable to find CDP implementation matching 137
Jul 06, 2025 5:06:30 PM org.openqa.selenium.chromium.ChromiumDriver lambda$new$5
WARNING: Unable to find version of CDP to use for 137.0.7151.120. You may need to include a dependency on a specific version of the CDP using something similar to `org.seleniumhq.selenium:selenium-devtools-v86:4.20.0` where the version ("v86") matches the version of the chromium-based browser you're using and the version number of the artifact is the same as Selenium's.
]]></system-err>
  </testcase>
</testsuite>